[2024-10-19 16:32:27] [WARNING ] discord.client: PyNaCl is not installed, voice will NOT be supported
[2024-10-19 16:32:27] [INFO    ] discord: Created Discord Bot Instance.
[2024-10-19 16:32:27] [INFO    ] discord.client: logging in using static token
[2024-10-19 16:32:27] [INFO    ] discord: Running bot setup_hook...
[2024-10-19 16:32:27] [INFO    ] discord: Loaded message cog (1/1)
[2024-10-19 16:32:27] [INFO    ] discord: Ran bot setup_hook
[2024-10-19 16:32:27] [INFO    ] discord: TASK WAITING UNTIL READY: Update Status
[2024-10-19 16:32:28] [INFO    ] discord.gateway: Shard ID None has connected to Gateway (Session ID: 0483a3f567d22db731ec82d56b1ebd76).
[2024-10-19 16:32:30] [INFO    ] discord: Message cog ready (1/1)
[2024-10-19 16:32:30] [INFO    ] discord: RAN TASK: Update Status
[2024-10-19 16:32:30] [INFO    ] discord: Synced 2 tree commands. Bot ready
[2024-10-19 16:32:55] [ERROR   ] discord.app_commands.tree: Ignoring exception in command 'canvas-assignments'
Traceback (most recent call last):
  File "C:\Users\osterling\AppData\Roaming\Python\Python312\site-packages\discord\app_commands\commands.py", line 857, in _do_call
    return await self._callback(self.binding, interaction, **params)  # type: ignore
           ^^^^^^^^^^^^^^^^^^^^^^^^^^^^^^^^^^^^^^^^^^^^^^^^^^^^^^^^^
  File "c:\Users\osterling\Documents\GitHub\Discord.py-Bot-TEMPLATE\cogs\message.py", line 56, in canvasassgn
    course = canvas.get_course(classid)
             ^^^^^^^^^^^^^^^^^^^^^^^^^^
  File "C:\Users\osterling\AppData\Roaming\Python\Python312\site-packages\canvasapi\canvas.py", line 694, in get_course
    response = self.__requester.request(
               ^^^^^^^^^^^^^^^^^^^^^^^^^
  File "C:\Users\osterling\AppData\Roaming\Python\Python312\site-packages\canvasapi\requester.py", line 258, in request
    raise InvalidAccessToken(response.json())
canvasapi.exceptions.InvalidAccessToken: [{'message': 'Invalid access token.'}]

The above exception was the direct cause of the following exception:

Traceback (most recent call last):
  File "C:\Users\osterling\AppData\Roaming\Python\Python312\site-packages\discord\app_commands\tree.py", line 1310, in _call
    await command._invoke_with_namespace(interaction, namespace)
  File "C:\Users\osterling\AppData\Roaming\Python\Python312\site-packages\discord\app_commands\commands.py", line 883, in _invoke_with_namespace
    return await self._do_call(interaction, transformed_values)
           ^^^^^^^^^^^^^^^^^^^^^^^^^^^^^^^^^^^^^^^^^^^^^^^^^^^^
  File "C:\Users\osterling\AppData\Roaming\Python\Python312\site-packages\discord\app_commands\commands.py", line 876, in _do_call
    raise CommandInvokeError(self, e) from e
discord.app_commands.errors.CommandInvokeError: Command 'canvas-assignments' raised an exception: InvalidAccessToken: [{'message': 'Invalid access token.'}]
[2024-10-19 16:33:30] [WARNING ] discord.client: PyNaCl is not installed, voice will NOT be supported
[2024-10-19 16:33:30] [INFO    ] discord: Created Discord Bot Instance.
[2024-10-19 16:33:30] [INFO    ] discord.client: logging in using static token
[2024-10-19 16:33:30] [INFO    ] discord: Running bot setup_hook...
[2024-10-19 16:33:31] [INFO    ] discord: Loaded message cog (1/1)
[2024-10-19 16:33:31] [INFO    ] discord: Ran bot setup_hook
[2024-10-19 16:33:31] [INFO    ] discord: TASK WAITING UNTIL READY: Update Status
[2024-10-19 16:33:31] [INFO    ] discord.gateway: Shard ID None has connected to Gateway (Session ID: 98f6f1d3fff5dcfac34e92b83caf569e).
[2024-10-19 16:33:33] [INFO    ] discord: Message cog ready (1/1)
[2024-10-19 16:33:33] [INFO    ] discord: RAN TASK: Update Status
[2024-10-19 16:33:33] [INFO    ] discord: Synced 2 tree commands. Bot ready
[2024-10-19 16:34:07] [ERROR   ] discord.app_commands.tree: Ignoring exception in command 'canvas-assignments'
Traceback (most recent call last):
  File "C:\Users\osterling\AppData\Roaming\Python\Python312\site-packages\discord\app_commands\commands.py", line 857, in _do_call
    return await self._callback(self.binding, interaction, **params)  # type: ignore
           ^^^^^^^^^^^^^^^^^^^^^^^^^^^^^^^^^^^^^^^^^^^^^^^^^^^^^^^^^
  File "c:\Users\osterling\Documents\GitHub\Discord.py-Bot-TEMPLATE\cogs\message.py", line 59, in canvasassgn
    assgnmts += a
TypeError: can only concatenate str (not "Assignment") to str

The above exception was the direct cause of the following exception:

Traceback (most recent call last):
  File "C:\Users\osterling\AppData\Roaming\Python\Python312\site-packages\discord\app_commands\tree.py", line 1310, in _call
    await command._invoke_with_namespace(interaction, namespace)
  File "C:\Users\osterling\AppData\Roaming\Python\Python312\site-packages\discord\app_commands\commands.py", line 883, in _invoke_with_namespace
    return await self._do_call(interaction, transformed_values)
           ^^^^^^^^^^^^^^^^^^^^^^^^^^^^^^^^^^^^^^^^^^^^^^^^^^^^
  File "C:\Users\osterling\AppData\Roaming\Python\Python312\site-packages\discord\app_commands\commands.py", line 872, in _do_call
    raise CommandInvokeError(self, e) from e
discord.app_commands.errors.CommandInvokeError: Command 'canvas-assignments' raised an exception: TypeError: can only concatenate str (not "Assignment") to str
[2024-10-19 16:34:33] [INFO    ] discord: RAN TASK: Update Status
[2024-10-19 16:35:33] [INFO    ] discord: RAN TASK: Update Status
[2024-10-19 16:38:20] [WARNING ] discord.client: PyNaCl is not installed, voice will NOT be supported
[2024-10-19 16:38:20] [INFO    ] discord: Created Discord Bot Instance.
[2024-10-19 16:38:20] [INFO    ] discord.client: logging in using static token
[2024-10-19 16:38:21] [INFO    ] discord: Running bot setup_hook...
[2024-10-19 16:38:21] [INFO    ] discord: Loaded message cog (1/1)
[2024-10-19 16:38:21] [INFO    ] discord: Ran bot setup_hook
[2024-10-19 16:38:21] [INFO    ] discord: TASK WAITING UNTIL READY: Update Status
[2024-10-19 16:38:22] [INFO    ] discord.gateway: Shard ID None has connected to Gateway (Session ID: 02a08e1a985b98c1a06f38de0db01457).
[2024-10-19 16:38:24] [INFO    ] discord: Message cog ready (1/1)
[2024-10-19 16:38:24] [INFO    ] discord: RAN TASK: Update Status
[2024-10-19 16:38:24] [INFO    ] discord: Synced 2 tree commands. Bot ready
[2024-10-19 16:39:15] [WARNING ] discord.client: PyNaCl is not installed, voice will NOT be supported
[2024-10-19 16:39:15] [INFO    ] discord: Created Discord Bot Instance.
[2024-10-19 16:39:15] [INFO    ] discord.client: logging in using static token
[2024-10-19 16:39:16] [INFO    ] discord: Running bot setup_hook...
[2024-10-19 16:39:16] [INFO    ] discord: Loaded message cog (1/1)
[2024-10-19 16:39:16] [INFO    ] discord: Ran bot setup_hook
[2024-10-19 16:39:16] [INFO    ] discord: TASK WAITING UNTIL READY: Update Status
[2024-10-19 16:39:16] [INFO    ] discord.gateway: Shard ID None has connected to Gateway (Session ID: bda58c1000237e3f5989aca7f2ce6d2e).
[2024-10-19 16:39:18] [INFO    ] discord: Message cog ready (1/1)
[2024-10-19 16:39:18] [INFO    ] discord: RAN TASK: Update Status
[2024-10-19 16:39:19] [INFO    ] discord: Synced 2 tree commands. Bot ready
